<?xml version="1.0" encoding="UTF-8"?>
<testsuite xmlns:xsi="http://www.w3.org/2001/XMLSchema-instance" xsi:noNamespaceSchemaLocation="https://maven.apache.org/surefire/maven-surefire-plugin/xsd/surefire-test-report-3.0.xsd" version="3.0" name="com.cafe.mall.BoardServiceTest" time="15.682" tests="4" errors="0" skipped="0" failures="3">
  <properties>
[...]
</properties>
  <testcase name="getListTest" classname="com.cafe.mall.BoardServiceTest" time="2.172">
    <failure message="expected: &lt;11&gt; but was: &lt;10&gt;" type="org.opentest4j.AssertionFailedError"><![CDATA[org.opentest4j.AssertionFailedError: expected: <11> but was: <10>
	at org.junit.jupiter.api.AssertionFailureBuilder.build(AssertionFailureBuilder.java:151)
	at org.junit.jupiter.api.AssertionFailureBuilder.buildAndThrow(AssertionFailureBuilder.java:132)
	at org.junit.jupiter.api.AssertEquals.failNotEqual(AssertEquals.java:197)
	at org.junit.jupiter.api.AssertEquals.assertEquals(AssertEquals.java:150)
	at org.junit.jupiter.api.AssertEquals.assertEquals(AssertEquals.java:145)
	at org.junit.jupiter.api.Assertions.assertEquals(Assertions.java:531)
	at com.cafe.mall.BoardServiceTest.getListTest(BoardServiceTest.java:31)
	at java.base/java.lang.reflect.Method.invoke(Method.java:580)
	at java.base/java.util.ArrayList.forEach(ArrayList.java:1597)
	at java.base/java.util.ArrayList.forEach(ArrayList.java:1597)
]]></failure>
    <system-out><![CDATA[15:28:33.199 [main] INFO org.springframework.test.context.support.AnnotationConfigContextLoaderUtils -- Could not detect default configuration classes for test class [com.cafe.mall.BoardServiceTest]: BoardServiceTest does not declare any static, non-private, non-final, nested classes annotated with @Configuration.
15:28:33.424 [main] INFO org.springframework.boot.test.context.SpringBootTestContextBootstrapper -- Found @SpringBootConfiguration com.cafe.mall.CafeMallApplication for test class com.cafe.mall.BoardServiceTest
15:28:33.841 [main] INFO org.springframework.boot.devtools.restart.RestartApplicationListener -- Restart disabled due to context in which it is running

  .   ____          _            __ _ _
 /\\ / ___'_ __ _ _(_)_ __  __ _ \ \ \ \
( ( )\___ | '_ | '_| | '_ \/ _` | \ \ \ \
 \\/  ___)| |_)| | | | | || (_| |  ) ) ) )
  '  |____| .__|_| |_|_| |_\__, | / / / /
 =========|_|==============|___/=/_/_/_/
 :: Spring Boot ::                (v3.2.5)

2024-05-07T15:28:34.455+09:00  INFO 10668 --- [cafe_mall] [           main] com.cafe.mall.BoardServiceTest           : Starting BoardServiceTest using Java 22 with PID 10668 (started by sptek in C:\cyjo\git\MyProject\cafe_mall)
2024-05-07T15:28:34.457+09:00  INFO 10668 --- [cafe_mall] [           main] com.cafe.mall.BoardServiceTest           : No active profile set, falling back to 1 default profile: "default"
2024-05-07T15:28:36.453+09:00  INFO 10668 --- [cafe_mall] [           main] .s.d.r.c.RepositoryConfigurationDelegate : Multiple Spring Data modules found, entering strict repository configuration mode
2024-05-07T15:28:36.458+09:00  INFO 10668 --- [cafe_mall] [           main] .s.d.r.c.RepositoryConfigurationDelegate : Bootstrapping Spring Data JDBC repositories in DEFAULT mode.
2024-05-07T15:28:36.526+09:00  INFO 10668 --- [cafe_mall] [           main] .RepositoryConfigurationExtensionSupport : Spring Data JDBC - Could not safely identify store assignment for repository candidate interface com.cafe.mall.board.repository.BoardRepository; If you want this repository to be a JDBC repository, consider annotating your entities with one of these annotations: org.springframework.data.relational.core.mapping.Table.
2024-05-07T15:28:36.529+09:00  INFO 10668 --- [cafe_mall] [           main] .RepositoryConfigurationExtensionSupport : Spring Data JDBC - Could not safely identify store assignment for repository candidate interface com.cafe.mall.board.repository.BoardRepository2; If you want this repository to be a JDBC repository, consider annotating your entities with one of these annotations: org.springframework.data.relational.core.mapping.Table.
2024-05-07T15:28:36.531+09:00  INFO 10668 --- [cafe_mall] [           main] .RepositoryConfigurationExtensionSupport : Spring Data JDBC - Could not safely identify store assignment for repository candidate interface com.cafe.mall.member.repository.MemberRepository; If you want this repository to be a JDBC repository, consider annotating your entities with one of these annotations: org.springframework.data.relational.core.mapping.Table.
2024-05-07T15:28:36.533+09:00  INFO 10668 --- [cafe_mall] [           main] .s.d.r.c.RepositoryConfigurationDelegate : Finished Spring Data repository scanning in 65 ms. Found 0 JDBC repository interfaces.
2024-05-07T15:28:36.556+09:00  INFO 10668 --- [cafe_mall] [           main] .s.d.r.c.RepositoryConfigurationDelegate : Multiple Spring Data modules found, entering strict repository configuration mode
2024-05-07T15:28:36.557+09:00  INFO 10668 --- [cafe_mall] [           main] .s.d.r.c.RepositoryConfigurationDelegate : Bootstrapping Spring Data JPA repositories in DEFAULT mode.
2024-05-07T15:28:36.917+09:00  INFO 10668 --- [cafe_mall] [           main] .s.d.r.c.RepositoryConfigurationDelegate : Finished Spring Data repository scanning in 352 ms. Found 3 JPA repository interfaces.
2024-05-07T15:28:37.899+09:00  INFO 10668 --- [cafe_mall] [           main] o.hibernate.jpa.internal.util.LogHelper  : HHH000204: Processing PersistenceUnitInfo [name: default]
2024-05-07T15:28:38.110+09:00  INFO 10668 --- [cafe_mall] [           main] org.hibernate.Version                    : HHH000412: Hibernate ORM core version 6.4.4.Final
2024-05-07T15:28:38.204+09:00  INFO 10668 --- [cafe_mall] [           main] o.h.c.internal.RegionFactoryInitiator    : HHH000026: Second-level cache disabled
2024-05-07T15:28:38.905+09:00  INFO 10668 --- [cafe_mall] [           main] o.s.o.j.p.SpringPersistenceUnitInfo      : No LoadTimeWeaver setup: ignoring JPA class transformer
2024-05-07T15:28:38.979+09:00  INFO 10668 --- [cafe_mall] [           main] com.zaxxer.hikari.HikariDataSource       : HikariPool-1 - Starting...
2024-05-07T15:28:39.416+09:00  INFO 10668 --- [cafe_mall] [           main] com.zaxxer.hikari.pool.HikariPool        : HikariPool-1 - Added connection org.postgresql.jdbc.PgConnection@76134b9b
2024-05-07T15:28:39.421+09:00  INFO 10668 --- [cafe_mall] [           main] com.zaxxer.hikari.HikariDataSource       : HikariPool-1 - Start completed.
2024-05-07T15:28:39.513+09:00  WARN 10668 --- [cafe_mall] [           main] org.hibernate.orm.deprecation            : HHH90000025: PostgreSQLDialect does not need to be specified explicitly using 'hibernate.dialect' (remove the property setting and it will be selected by default)
2024-05-07T15:28:41.945+09:00  INFO 10668 --- [cafe_mall] [           main] o.h.e.t.j.p.i.JtaPlatformInitiator       : HHH000489: No JTA platform available (set 'hibernate.transaction.jta.platform' to enable JTA platform integration)
2024-05-07T15:28:42.083+09:00  INFO 10668 --- [cafe_mall] [           main] j.LocalContainerEntityManagerFactoryBean : Initialized JPA EntityManagerFactory for persistence unit 'default'
2024-05-07T15:28:43.064+09:00  WARN 10668 --- [cafe_mall] [           main] JpaBaseConfiguration$JpaWebConfiguration : spring.jpa.open-in-view is enabled by default. Therefore, database queries may be performed during view rendering. Explicitly configure spring.jpa.open-in-view to disable this warning
2024-05-07T15:28:43.121+09:00  INFO 10668 --- [cafe_mall] [           main] o.s.b.a.w.s.WelcomePageHandlerMapping    : Adding welcome page template: index
2024-05-07T15:28:43.768+09:00  INFO 10668 --- [cafe_mall] [           main] o.s.d.j.r.query.QueryEnhancerFactory     : JSqlParser is in classpath; If applicable, JSqlParser will be used
2024-05-07T15:28:43.768+09:00  INFO 10668 --- [cafe_mall] [           main] o.s.d.j.r.query.QueryEnhancerFactory     : Hibernate is in classpath; If applicable, HQL parser will be used.
2024-05-07T15:28:45.892+09:00  INFO 10668 --- [cafe_mall] [           main] com.cafe.mall.BoardServiceTest           : Started BoardServiceTest in 12.085 seconds (process running for 14.209)
Hibernate: 
    select
        nextval('member_seq')
Hibernate: 
    /* insert for
        com.cafe.mall.member.model.Member */insert 
    into
        member (create_dt, email, member_id, member_nm, member_pw, phone, update_dt, mbr_no) 
    values
        (?, ?, ?, ?, ?, ?, ?, ?)
Hibernate: 
    select
        b1_0.bno,
        b1_0.content,
        b1_0.in_date,
        b1_0.member_id,
        m1_0.mbr_no,
        m1_0.create_dt,
        m1_0.email,
        m1_0.member_id,
        m1_0.member_nm,
        m1_0.member_pw,
        m1_0.phone,
        m1_0.update_dt,
        b1_0.title,
        b1_0.up_date,
        b1_0.view_cnt,
        b1_0.writer 
    from
        board b1_0 
    join
        member m1_0 
            on m1_0.mbr_no=b1_0.member_id 
    where
        b1_0.bno=?
Hibernate: 
    select
        m1_0.mbr_no,
        m1_0.create_dt,
        m1_0.email,
        m1_0.member_id,
        m1_0.member_nm,
        m1_0.member_pw,
        m1_0.phone,
        m1_0.update_dt 
    from
        member m1_0 
    where
        m1_0.mbr_no=?
Hibernate: 
    /* update
        for com.cafe.mall.board.model.Board */update board 
    set
        content=?,
        in_date=?,
        member_id=?,
        title=?,
        up_date=?,
        view_cnt=?,
        writer=? 
    where
        bno=?
Hibernate: 
    /* insert for
        com.cafe.mall.member.model.Member */insert 
    into
        member (create_dt, email, member_id, member_nm, member_pw, phone, update_dt, mbr_no) 
    values
        (?, ?, ?, ?, ?, ?, ?, ?)
Hibernate: 
    select
        b1_0.bno,
        b1_0.content,
        b1_0.in_date,
        b1_0.member_id,
        m1_0.mbr_no,
        m1_0.create_dt,
        m1_0.email,
        m1_0.member_id,
        m1_0.member_nm,
        m1_0.member_pw,
        m1_0.phone,
        m1_0.update_dt,
        b1_0.title,
        b1_0.up_date,
        b1_0.view_cnt,
        b1_0.writer 
    from
        board b1_0 
    join
        member m1_0 
            on m1_0.mbr_no=b1_0.member_id 
    where
        b1_0.bno=?
Hibernate: 
    select
        m1_0.mbr_no,
        m1_0.create_dt,
        m1_0.email,
        m1_0.member_id,
        m1_0.member_nm,
        m1_0.member_pw,
        m1_0.phone,
        m1_0.update_dt 
    from
        member m1_0 
    where
        m1_0.mbr_no=?
Hibernate: 
    /* update
        for com.cafe.mall.board.model.Board */update board 
    set
        content=?,
        in_date=?,
        member_id=?,
        title=?,
        up_date=?,
        view_cnt=?,
        writer=? 
    where
        bno=?
Hibernate: 
    /* insert for
        com.cafe.mall.member.model.Member */insert 
    into
        member (create_dt, email, member_id, member_nm, member_pw, phone, update_dt, mbr_no) 
    values
        (?, ?, ?, ?, ?, ?, ?, ?)
Hibernate: 
    select
        b1_0.bno,
        b1_0.content,
        b1_0.in_date,
        b1_0.member_id,
        m1_0.mbr_no,
        m1_0.create_dt,
        m1_0.email,
        m1_0.member_id,
        m1_0.member_nm,
        m1_0.member_pw,
        m1_0.phone,
        m1_0.update_dt,
        b1_0.title,
        b1_0.up_date,
        b1_0.view_cnt,
        b1_0.writer 
    from
        board b1_0 
    join
        member m1_0 
            on m1_0.mbr_no=b1_0.member_id 
    where
        b1_0.bno=?
Hibernate: 
    select
        m1_0.mbr_no,
        m1_0.create_dt,
        m1_0.email,
        m1_0.member_id,
        m1_0.member_nm,
        m1_0.member_pw,
        m1_0.phone,
        m1_0.update_dt 
    from
        member m1_0 
    where
        m1_0.mbr_no=?
Hibernate: 
    select
        nextval('board_seq')
Hibernate: 
    /* insert for
        com.cafe.mall.board.model.Board */insert 
    into
        board (content, in_date, member_id, title, up_date, view_cnt, writer, bno) 
    values
        (?, ?, ?, ?, ?, ?, ?, ?)
Hibernate: 
    /* insert for
        com.cafe.mall.member.model.Member */insert 
    into
        member (create_dt, email, member_id, member_nm, member_pw, phone, update_dt, mbr_no) 
    values
        (?, ?, ?, ?, ?, ?, ?, ?)
Hibernate: 
    select
        b1_0.bno,
        b1_0.content,
        b1_0.in_date,
        b1_0.member_id,
        m1_0.mbr_no,
        m1_0.create_dt,
        m1_0.email,
        m1_0.member_id,
        m1_0.member_nm,
        m1_0.member_pw,
        m1_0.phone,
        m1_0.update_dt,
        b1_0.title,
        b1_0.up_date,
        b1_0.view_cnt,
        b1_0.writer 
    from
        board b1_0 
    join
        member m1_0 
            on m1_0.mbr_no=b1_0.member_id 
    where
        b1_0.bno=?
Hibernate: 
    select
        m1_0.mbr_no,
        m1_0.create_dt,
        m1_0.email,
        m1_0.member_id,
        m1_0.member_nm,
        m1_0.member_pw,
        m1_0.phone,
        m1_0.update_dt 
    from
        member m1_0 
    where
        m1_0.mbr_no=?
Hibernate: 
    /* insert for
        com.cafe.mall.board.model.Board */insert 
    into
        board (content, in_date, member_id, title, up_date, view_cnt, writer, bno) 
    values
        (?, ?, ?, ?, ?, ?, ?, ?)
Hibernate: 
    /* insert for
        com.cafe.mall.member.model.Member */insert 
    into
        member (create_dt, email, member_id, member_nm, member_pw, phone, update_dt, mbr_no) 
    values
        (?, ?, ?, ?, ?, ?, ?, ?)
Hibernate: 
    select
        b1_0.bno,
        b1_0.content,
        b1_0.in_date,
        b1_0.member_id,
        m1_0.mbr_no,
        m1_0.create_dt,
        m1_0.email,
        m1_0.member_id,
        m1_0.member_nm,
        m1_0.member_pw,
        m1_0.phone,
        m1_0.update_dt,
        b1_0.title,
        b1_0.up_date,
        b1_0.view_cnt,
        b1_0.writer 
    from
        board b1_0 
    join
        member m1_0 
            on m1_0.mbr_no=b1_0.member_id 
    where
        b1_0.bno=?
Hibernate: 
    select
        m1_0.mbr_no,
        m1_0.create_dt,
        m1_0.email,
        m1_0.member_id,
        m1_0.member_nm,
        m1_0.member_pw,
        m1_0.phone,
        m1_0.update_dt 
    from
        member m1_0 
    where
        m1_0.mbr_no=?
Hibernate: 
    /* insert for
        com.cafe.mall.board.model.Board */insert 
    into
        board (content, in_date, member_id, title, up_date, view_cnt, writer, bno) 
    values
        (?, ?, ?, ?, ?, ?, ?, ?)
Hibernate: 
    /* insert for
        com.cafe.mall.member.model.Member */insert 
    into
        member (create_dt, email, member_id, member_nm, member_pw, phone, update_dt, mbr_no) 
    values
        (?, ?, ?, ?, ?, ?, ?, ?)
Hibernate: 
    select
        b1_0.bno,
        b1_0.content,
        b1_0.in_date,
        b1_0.member_id,
        m1_0.mbr_no,
        m1_0.create_dt,
        m1_0.email,
        m1_0.member_id,
        m1_0.member_nm,
        m1_0.member_pw,
        m1_0.phone,
        m1_0.update_dt,
        b1_0.title,
        b1_0.up_date,
        b1_0.view_cnt,
        b1_0.writer 
    from
        board b1_0 
    join
        member m1_0 
            on m1_0.mbr_no=b1_0.member_id 
    where
        b1_0.bno=?
Hibernate: 
    select
        m1_0.mbr_no,
        m1_0.create_dt,
        m1_0.email,
        m1_0.member_id,
        m1_0.member_nm,
        m1_0.member_pw,
        m1_0.phone,
        m1_0.update_dt 
    from
        member m1_0 
    where
        m1_0.mbr_no=?
Hibernate: 
    /* insert for
        com.cafe.mall.board.model.Board */insert 
    into
        board (content, in_date, member_id, title, up_date, view_cnt, writer, bno) 
    values
        (?, ?, ?, ?, ?, ?, ?, ?)
Hibernate: 
    /* insert for
        com.cafe.mall.member.model.Member */insert 
    into
        member (create_dt, email, member_id, member_nm, member_pw, phone, update_dt, mbr_no) 
    values
        (?, ?, ?, ?, ?, ?, ?, ?)
Hibernate: 
    select
        b1_0.bno,
        b1_0.content,
        b1_0.in_date,
        b1_0.member_id,
        m1_0.mbr_no,
        m1_0.create_dt,
        m1_0.email,
        m1_0.member_id,
        m1_0.member_nm,
        m1_0.member_pw,
        m1_0.phone,
        m1_0.update_dt,
        b1_0.title,
        b1_0.up_date,
        b1_0.view_cnt,
        b1_0.writer 
    from
        board b1_0 
    join
        member m1_0 
            on m1_0.mbr_no=b1_0.member_id 
    where
        b1_0.bno=?
Hibernate: 
    select
        m1_0.mbr_no,
        m1_0.create_dt,
        m1_0.email,
        m1_0.member_id,
        m1_0.member_nm,
        m1_0.member_pw,
        m1_0.phone,
        m1_0.update_dt 
    from
        member m1_0 
    where
        m1_0.mbr_no=?
Hibernate: 
    /* insert for
        com.cafe.mall.board.model.Board */insert 
    into
        board (content, in_date, member_id, title, up_date, view_cnt, writer, bno) 
    values
        (?, ?, ?, ?, ?, ?, ?, ?)
Hibernate: 
    /* insert for
        com.cafe.mall.member.model.Member */insert 
    into
        member (create_dt, email, member_id, member_nm, member_pw, phone, update_dt, mbr_no) 
    values
        (?, ?, ?, ?, ?, ?, ?, ?)
Hibernate: 
    select
        b1_0.bno,
        b1_0.content,
        b1_0.in_date,
        b1_0.member_id,
        m1_0.mbr_no,
        m1_0.create_dt,
        m1_0.email,
        m1_0.member_id,
        m1_0.member_nm,
        m1_0.member_pw,
        m1_0.phone,
        m1_0.update_dt,
        b1_0.title,
        b1_0.up_date,
        b1_0.view_cnt,
        b1_0.writer 
    from
        board b1_0 
    join
        member m1_0 
            on m1_0.mbr_no=b1_0.member_id 
    where
        b1_0.bno=?
Hibernate: 
    select
        m1_0.mbr_no,
        m1_0.create_dt,
        m1_0.email,
        m1_0.member_id,
        m1_0.member_nm,
        m1_0.member_pw,
        m1_0.phone,
        m1_0.update_dt 
    from
        member m1_0 
    where
        m1_0.mbr_no=?
Hibernate: 
    /* insert for
        com.cafe.mall.board.model.Board */insert 
    into
        board (content, in_date, member_id, title, up_date, view_cnt, writer, bno) 
    values
        (?, ?, ?, ?, ?, ?, ?, ?)
Hibernate: 
    /* insert for
        com.cafe.mall.member.model.Member */insert 
    into
        member (create_dt, email, member_id, member_nm, member_pw, phone, update_dt, mbr_no) 
    values
        (?, ?, ?, ?, ?, ?, ?, ?)
Hibernate: 
    select
        b1_0.bno,
        b1_0.content,
        b1_0.in_date,
        b1_0.member_id,
        m1_0.mbr_no,
        m1_0.create_dt,
        m1_0.email,
        m1_0.member_id,
        m1_0.member_nm,
        m1_0.member_pw,
        m1_0.phone,
        m1_0.update_dt,
        b1_0.title,
        b1_0.up_date,
        b1_0.view_cnt,
        b1_0.writer 
    from
        board b1_0 
    join
        member m1_0 
            on m1_0.mbr_no=b1_0.member_id 
    where
        b1_0.bno=?
Hibernate: 
    select
        m1_0.mbr_no,
        m1_0.create_dt,
        m1_0.email,
        m1_0.member_id,
        m1_0.member_nm,
        m1_0.member_pw,
        m1_0.phone,
        m1_0.update_dt 
    from
        member m1_0 
    where
        m1_0.mbr_no=?
Hibernate: 
    /* insert for
        com.cafe.mall.board.model.Board */insert 
    into
        board (content, in_date, member_id, title, up_date, view_cnt, writer, bno) 
    values
        (?, ?, ?, ?, ?, ?, ?, ?)
Hibernate: 
    /* insert for
        com.cafe.mall.member.model.Member */insert 
    into
        member (create_dt, email, member_id, member_nm, member_pw, phone, update_dt, mbr_no) 
    values
        (?, ?, ?, ?, ?, ?, ?, ?)
Hibernate: 
    select
        b1_0.bno,
        b1_0.content,
        b1_0.in_date,
        b1_0.member_id,
        m1_0.mbr_no,
        m1_0.create_dt,
        m1_0.email,
        m1_0.member_id,
        m1_0.member_nm,
        m1_0.member_pw,
        m1_0.phone,
        m1_0.update_dt,
        b1_0.title,
        b1_0.up_date,
        b1_0.view_cnt,
        b1_0.writer 
    from
        board b1_0 
    join
        member m1_0 
            on m1_0.mbr_no=b1_0.member_id 
    where
        b1_0.bno=?
Hibernate: 
    select
        m1_0.mbr_no,
        m1_0.create_dt,
        m1_0.email,
        m1_0.member_id,
        m1_0.member_nm,
        m1_0.member_pw,
        m1_0.phone,
        m1_0.update_dt 
    from
        member m1_0 
    where
        m1_0.mbr_no=?
Hibernate: 
    /* insert for
        com.cafe.mall.board.model.Board */insert 
    into
        board (content, in_date, member_id, title, up_date, view_cnt, writer, bno) 
    values
        (?, ?, ?, ?, ?, ?, ?, ?)
Hibernate: 
    /* <criteria> */ select
        b1_0.bno,
        b1_0.content,
        b1_0.in_date,
        b1_0.member_id,
        b1_0.title,
        b1_0.up_date,
        b1_0.view_cnt,
        b1_0.writer 
    from
        board b1_0 
    order by
        b1_0.bno desc
Hibernate: 
    select
        m1_0.mbr_no,
        m1_0.create_dt,
        m1_0.email,
        m1_0.member_id,
        m1_0.member_nm,
        m1_0.member_pw,
        m1_0.phone,
        m1_0.update_dt 
    from
        member m1_0 
    where
        m1_0.mbr_no=?
Hibernate: 
    select
        m1_0.mbr_no,
        m1_0.create_dt,
        m1_0.email,
        m1_0.member_id,
        m1_0.member_nm,
        m1_0.member_pw,
        m1_0.phone,
        m1_0.update_dt 
    from
        member m1_0 
    where
        m1_0.mbr_no=?
Hibernate: 
    select
        m1_0.mbr_no,
        m1_0.create_dt,
        m1_0.email,
        m1_0.member_id,
        m1_0.member_nm,
        m1_0.member_pw,
        m1_0.phone,
        m1_0.update_dt 
    from
        member m1_0 
    where
        m1_0.mbr_no=?
Hibernate: 
    select
        m1_0.mbr_no,
        m1_0.create_dt,
        m1_0.email,
        m1_0.member_id,
        m1_0.member_nm,
        m1_0.member_pw,
        m1_0.phone,
        m1_0.update_dt 
    from
        member m1_0 
    where
        m1_0.mbr_no=?
Hibernate: 
    select
        m1_0.mbr_no,
        m1_0.create_dt,
        m1_0.email,
        m1_0.member_id,
        m1_0.member_nm,
        m1_0.member_pw,
        m1_0.phone,
        m1_0.update_dt 
    from
        member m1_0 
    where
        m1_0.mbr_no=?
Hibernate: 
    select
        m1_0.mbr_no,
        m1_0.create_dt,
        m1_0.email,
        m1_0.member_id,
        m1_0.member_nm,
        m1_0.member_pw,
        m1_0.phone,
        m1_0.update_dt 
    from
        member m1_0 
    where
        m1_0.mbr_no=?
Hibernate: 
    select
        m1_0.mbr_no,
        m1_0.create_dt,
        m1_0.email,
        m1_0.member_id,
        m1_0.member_nm,
        m1_0.member_pw,
        m1_0.phone,
        m1_0.update_dt 
    from
        member m1_0 
    where
        m1_0.mbr_no=?
Hibernate: 
    select
        m1_0.mbr_no,
        m1_0.create_dt,
        m1_0.email,
        m1_0.member_id,
        m1_0.member_nm,
        m1_0.member_pw,
        m1_0.phone,
        m1_0.update_dt 
    from
        member m1_0 
    where
        m1_0.mbr_no=?
Hibernate: 
    select
        m1_0.mbr_no,
        m1_0.create_dt,
        m1_0.email,
        m1_0.member_id,
        m1_0.member_nm,
        m1_0.member_pw,
        m1_0.phone,
        m1_0.update_dt 
    from
        member m1_0 
    where
        m1_0.mbr_no=?
Hibernate: 
    select
        m1_0.mbr_no,
        m1_0.create_dt,
        m1_0.email,
        m1_0.member_id,
        m1_0.member_nm,
        m1_0.member_pw,
        m1_0.phone,
        m1_0.update_dt 
    from
        member m1_0 
    where
        m1_0.mbr_no=?
Hibernate: 
    select
        m1_0.mbr_no,
        m1_0.create_dt,
        m1_0.email,
        m1_0.member_id,
        m1_0.member_nm,
        m1_0.member_pw,
        m1_0.phone,
        m1_0.update_dt 
    from
        member m1_0 
    where
        m1_0.mbr_no=?
list = [Board{bno=109, title='title10', writer='null', content='content10', viewCnt=0, inDate=2024-05-07 15:28:47.846, upDate=2024-05-07 15:28:47.846}, Board{bno=108, title='title9', writer='null', content='content9', viewCnt=0, inDate=2024-05-07 15:28:47.838, upDate=2024-05-07 15:28:47.838}, Board{bno=107, title='title8', writer='null', content='content8', viewCnt=0, inDate=2024-05-07 15:28:47.826, upDate=2024-05-07 15:28:47.826}, Board{bno=106, title='title7', writer='null', content='content7', viewCnt=0, inDate=2024-05-07 15:28:47.818, upDate=2024-05-07 15:28:47.818}, Board{bno=105, title='title6', writer='null', content='content6', viewCnt=0, inDate=2024-05-07 15:28:47.805, upDate=2024-05-07 15:28:47.805}, Board{bno=104, title='title5', writer='null', content='content5', viewCnt=0, inDate=2024-05-07 15:28:47.795, upDate=2024-05-07 15:28:47.795}, Board{bno=103, title='title4', writer='null', content='content4', viewCnt=0, inDate=2024-05-07 15:28:47.784, upDate=2024-05-07 15:28:47.784}, Board{bno=102, title='title3', writer='null', content='content3', viewCnt=0, inDate=2024-05-07 15:28:47.755, upDate=2024-05-07 15:28:47.755}, Board{bno=52, title='test3', writer='null', content='rewr', viewCnt=0, inDate=2024-04-30 17:42:10.71, upDate=2024-04-30 17:42:10.71}, Board{bno=2, title='title2', writer='null', content='content2', viewCnt=0, inDate=2024-05-07 15:28:47.739, upDate=2024-05-07 15:28:47.739}, Board{bno=1, title='title1', writer='null', content='content1', viewCnt=0, inDate=2024-05-07 15:28:47.562, upDate=2024-05-07 15:28:47.562}]
]]></system-out>
    <system-err><![CDATA[WARNING: A Java agent has been loaded dynamically (C:\Users\sptek\.m2\repository\net\bytebuddy\byte-buddy-agent\1.14.13\byte-buddy-agent-1.14.13.jar)
WARNING: If a serviceability tool is in use, please run with -XX:+EnableDynamicAgentLoading to hide this warning
WARNING: If a serviceability tool is not in use, please run with -Djdk.instrument.traceUsage for more information
WARNING: Dynamic loading of agents will be disallowed by default in a future release
]]></system-err>
  </testcase>
  <testcase name="writeAndReadTest" classname="com.cafe.mall.BoardServiceTest" time="0.145">
    <failure message="expected: &lt;true&gt; but was: &lt;false&gt;" type="org.opentest4j.AssertionFailedError"><![CDATA[org.opentest4j.AssertionFailedError: expected: <true> but was: <false>
	at org.junit.jupiter.api.AssertionFailureBuilder.build(AssertionFailureBuilder.java:151)
	at org.junit.jupiter.api.AssertionFailureBuilder.buildAndThrow(AssertionFailureBuilder.java:132)
	at org.junit.jupiter.api.AssertTrue.failNotTrue(AssertTrue.java:63)
	at org.junit.jupiter.api.AssertTrue.assertTrue(AssertTrue.java:36)
	at org.junit.jupiter.api.AssertTrue.assertTrue(AssertTrue.java:31)
	at org.junit.jupiter.api.Assertions.assertTrue(Assertions.java:183)
	at com.cafe.mall.BoardServiceTest.writeAndReadTest(BoardServiceTest.java:70)
	at java.base/java.lang.reflect.Method.invoke(Method.java:580)
	at java.base/java.util.ArrayList.forEach(ArrayList.java:1597)
	at java.base/java.util.ArrayList.forEach(ArrayList.java:1597)
]]></failure>
    <system-out><![CDATA[Hibernate: 
    /* insert for
        com.cafe.mall.member.model.Member */insert 
    into
        member (create_dt, email, member_id, member_nm, member_pw, phone, update_dt, mbr_no) 
    values
        (?, ?, ?, ?, ?, ?, ?, ?)
Hibernate: 
    select
        b1_0.bno,
        b1_0.content,
        b1_0.in_date,
        b1_0.member_id,
        m1_0.mbr_no,
        m1_0.create_dt,
        m1_0.email,
        m1_0.member_id,
        m1_0.member_nm,
        m1_0.member_pw,
        m1_0.phone,
        m1_0.update_dt,
        b1_0.title,
        b1_0.up_date,
        b1_0.view_cnt,
        b1_0.writer 
    from
        board b1_0 
    join
        member m1_0 
            on m1_0.mbr_no=b1_0.member_id 
    where
        b1_0.bno=?
Hibernate: 
    select
        m1_0.mbr_no,
        m1_0.create_dt,
        m1_0.email,
        m1_0.member_id,
        m1_0.member_nm,
        m1_0.member_pw,
        m1_0.phone,
        m1_0.update_dt 
    from
        member m1_0 
    where
        m1_0.mbr_no=?
Hibernate: 
    /* update
        for com.cafe.mall.board.model.Board */update board 
    set
        content=?,
        in_date=?,
        member_id=?,
        title=?,
        up_date=?,
        view_cnt=?,
        writer=? 
    where
        bno=?
Hibernate: 
    /* insert for
        com.cafe.mall.member.model.Member */insert 
    into
        member (create_dt, email, member_id, member_nm, member_pw, phone, update_dt, mbr_no) 
    values
        (?, ?, ?, ?, ?, ?, ?, ?)
Hibernate: 
    select
        b1_0.bno,
        b1_0.content,
        b1_0.in_date,
        b1_0.member_id,
        m1_0.mbr_no,
        m1_0.create_dt,
        m1_0.email,
        m1_0.member_id,
        m1_0.member_nm,
        m1_0.member_pw,
        m1_0.phone,
        m1_0.update_dt,
        b1_0.title,
        b1_0.up_date,
        b1_0.view_cnt,
        b1_0.writer 
    from
        board b1_0 
    join
        member m1_0 
            on m1_0.mbr_no=b1_0.member_id 
    where
        b1_0.bno=?
Hibernate: 
    select
        m1_0.mbr_no,
        m1_0.create_dt,
        m1_0.email,
        m1_0.member_id,
        m1_0.member_nm,
        m1_0.member_pw,
        m1_0.phone,
        m1_0.update_dt 
    from
        member m1_0 
    where
        m1_0.mbr_no=?
Hibernate: 
    /* update
        for com.cafe.mall.board.model.Board */update board 
    set
        content=?,
        in_date=?,
        member_id=?,
        title=?,
        up_date=?,
        view_cnt=?,
        writer=? 
    where
        bno=?
Hibernate: 
    /* insert for
        com.cafe.mall.member.model.Member */insert 
    into
        member (create_dt, email, member_id, member_nm, member_pw, phone, update_dt, mbr_no) 
    values
        (?, ?, ?, ?, ?, ?, ?, ?)
Hibernate: 
    select
        b1_0.bno,
        b1_0.content,
        b1_0.in_date,
        b1_0.member_id,
        m1_0.mbr_no,
        m1_0.create_dt,
        m1_0.email,
        m1_0.member_id,
        m1_0.member_nm,
        m1_0.member_pw,
        m1_0.phone,
        m1_0.update_dt,
        b1_0.title,
        b1_0.up_date,
        b1_0.view_cnt,
        b1_0.writer 
    from
        board b1_0 
    join
        member m1_0 
            on m1_0.mbr_no=b1_0.member_id 
    where
        b1_0.bno=?
Hibernate: 
    select
        m1_0.mbr_no,
        m1_0.create_dt,
        m1_0.email,
        m1_0.member_id,
        m1_0.member_nm,
        m1_0.member_pw,
        m1_0.phone,
        m1_0.update_dt 
    from
        member m1_0 
    where
        m1_0.mbr_no=?
Hibernate: 
    /* insert for
        com.cafe.mall.board.model.Board */insert 
    into
        board (content, in_date, member_id, title, up_date, view_cnt, writer, bno) 
    values
        (?, ?, ?, ?, ?, ?, ?, ?)
Hibernate: 
    /* insert for
        com.cafe.mall.member.model.Member */insert 
    into
        member (create_dt, email, member_id, member_nm, member_pw, phone, update_dt, mbr_no) 
    values
        (?, ?, ?, ?, ?, ?, ?, ?)
Hibernate: 
    select
        b1_0.bno,
        b1_0.content,
        b1_0.in_date,
        b1_0.member_id,
        m1_0.mbr_no,
        m1_0.create_dt,
        m1_0.email,
        m1_0.member_id,
        m1_0.member_nm,
        m1_0.member_pw,
        m1_0.phone,
        m1_0.update_dt,
        b1_0.title,
        b1_0.up_date,
        b1_0.view_cnt,
        b1_0.writer 
    from
        board b1_0 
    join
        member m1_0 
            on m1_0.mbr_no=b1_0.member_id 
    where
        b1_0.bno=?
Hibernate: 
    select
        m1_0.mbr_no,
        m1_0.create_dt,
        m1_0.email,
        m1_0.member_id,
        m1_0.member_nm,
        m1_0.member_pw,
        m1_0.phone,
        m1_0.update_dt 
    from
        member m1_0 
    where
        m1_0.mbr_no=?
Hibernate: 
    /* insert for
        com.cafe.mall.board.model.Board */insert 
    into
        board (content, in_date, member_id, title, up_date, view_cnt, writer, bno) 
    values
        (?, ?, ?, ?, ?, ?, ?, ?)
Hibernate: 
    /* insert for
        com.cafe.mall.member.model.Member */insert 
    into
        member (create_dt, email, member_id, member_nm, member_pw, phone, update_dt, mbr_no) 
    values
        (?, ?, ?, ?, ?, ?, ?, ?)
Hibernate: 
    select
        b1_0.bno,
        b1_0.content,
        b1_0.in_date,
        b1_0.member_id,
        m1_0.mbr_no,
        m1_0.create_dt,
        m1_0.email,
        m1_0.member_id,
        m1_0.member_nm,
        m1_0.member_pw,
        m1_0.phone,
        m1_0.update_dt,
        b1_0.title,
        b1_0.up_date,
        b1_0.view_cnt,
        b1_0.writer 
    from
        board b1_0 
    join
        member m1_0 
            on m1_0.mbr_no=b1_0.member_id 
    where
        b1_0.bno=?
Hibernate: 
    select
        m1_0.mbr_no,
        m1_0.create_dt,
        m1_0.email,
        m1_0.member_id,
        m1_0.member_nm,
        m1_0.member_pw,
        m1_0.phone,
        m1_0.update_dt 
    from
        member m1_0 
    where
        m1_0.mbr_no=?
Hibernate: 
    /* insert for
        com.cafe.mall.board.model.Board */insert 
    into
        board (content, in_date, member_id, title, up_date, view_cnt, writer, bno) 
    values
        (?, ?, ?, ?, ?, ?, ?, ?)
Hibernate: 
    /* insert for
        com.cafe.mall.member.model.Member */insert 
    into
        member (create_dt, email, member_id, member_nm, member_pw, phone, update_dt, mbr_no) 
    values
        (?, ?, ?, ?, ?, ?, ?, ?)
Hibernate: 
    select
        b1_0.bno,
        b1_0.content,
        b1_0.in_date,
        b1_0.member_id,
        m1_0.mbr_no,
        m1_0.create_dt,
        m1_0.email,
        m1_0.member_id,
        m1_0.member_nm,
        m1_0.member_pw,
        m1_0.phone,
        m1_0.update_dt,
        b1_0.title,
        b1_0.up_date,
        b1_0.view_cnt,
        b1_0.writer 
    from
        board b1_0 
    join
        member m1_0 
            on m1_0.mbr_no=b1_0.member_id 
    where
        b1_0.bno=?
Hibernate: 
    select
        m1_0.mbr_no,
        m1_0.create_dt,
        m1_0.email,
        m1_0.member_id,
        m1_0.member_nm,
        m1_0.member_pw,
        m1_0.phone,
        m1_0.update_dt 
    from
        member m1_0 
    where
        m1_0.mbr_no=?
Hibernate: 
    /* insert for
        com.cafe.mall.board.model.Board */insert 
    into
        board (content, in_date, member_id, title, up_date, view_cnt, writer, bno) 
    values
        (?, ?, ?, ?, ?, ?, ?, ?)
Hibernate: 
    /* insert for
        com.cafe.mall.member.model.Member */insert 
    into
        member (create_dt, email, member_id, member_nm, member_pw, phone, update_dt, mbr_no) 
    values
        (?, ?, ?, ?, ?, ?, ?, ?)
Hibernate: 
    select
        b1_0.bno,
        b1_0.content,
        b1_0.in_date,
        b1_0.member_id,
        m1_0.mbr_no,
        m1_0.create_dt,
        m1_0.email,
        m1_0.member_id,
        m1_0.member_nm,
        m1_0.member_pw,
        m1_0.phone,
        m1_0.update_dt,
        b1_0.title,
        b1_0.up_date,
        b1_0.view_cnt,
        b1_0.writer 
    from
        board b1_0 
    join
        member m1_0 
            on m1_0.mbr_no=b1_0.member_id 
    where
        b1_0.bno=?
Hibernate: 
    select
        m1_0.mbr_no,
        m1_0.create_dt,
        m1_0.email,
        m1_0.member_id,
        m1_0.member_nm,
        m1_0.member_pw,
        m1_0.phone,
        m1_0.update_dt 
    from
        member m1_0 
    where
        m1_0.mbr_no=?
Hibernate: 
    /* insert for
        com.cafe.mall.board.model.Board */insert 
    into
        board (content, in_date, member_id, title, up_date, view_cnt, writer, bno) 
    values
        (?, ?, ?, ?, ?, ?, ?, ?)
Hibernate: 
    /* insert for
        com.cafe.mall.member.model.Member */insert 
    into
        member (create_dt, email, member_id, member_nm, member_pw, phone, update_dt, mbr_no) 
    values
        (?, ?, ?, ?, ?, ?, ?, ?)
Hibernate: 
    select
        b1_0.bno,
        b1_0.content,
        b1_0.in_date,
        b1_0.member_id,
        m1_0.mbr_no,
        m1_0.create_dt,
        m1_0.email,
        m1_0.member_id,
        m1_0.member_nm,
        m1_0.member_pw,
        m1_0.phone,
        m1_0.update_dt,
        b1_0.title,
        b1_0.up_date,
        b1_0.view_cnt,
        b1_0.writer 
    from
        board b1_0 
    join
        member m1_0 
            on m1_0.mbr_no=b1_0.member_id 
    where
        b1_0.bno=?
Hibernate: 
    select
        m1_0.mbr_no,
        m1_0.create_dt,
        m1_0.email,
        m1_0.member_id,
        m1_0.member_nm,
        m1_0.member_pw,
        m1_0.phone,
        m1_0.update_dt 
    from
        member m1_0 
    where
        m1_0.mbr_no=?
Hibernate: 
    /* insert for
        com.cafe.mall.board.model.Board */insert 
    into
        board (content, in_date, member_id, title, up_date, view_cnt, writer, bno) 
    values
        (?, ?, ?, ?, ?, ?, ?, ?)
Hibernate: 
    /* insert for
        com.cafe.mall.member.model.Member */insert 
    into
        member (create_dt, email, member_id, member_nm, member_pw, phone, update_dt, mbr_no) 
    values
        (?, ?, ?, ?, ?, ?, ?, ?)
Hibernate: 
    select
        b1_0.bno,
        b1_0.content,
        b1_0.in_date,
        b1_0.member_id,
        m1_0.mbr_no,
        m1_0.create_dt,
        m1_0.email,
        m1_0.member_id,
        m1_0.member_nm,
        m1_0.member_pw,
        m1_0.phone,
        m1_0.update_dt,
        b1_0.title,
        b1_0.up_date,
        b1_0.view_cnt,
        b1_0.writer 
    from
        board b1_0 
    join
        member m1_0 
            on m1_0.mbr_no=b1_0.member_id 
    where
        b1_0.bno=?
Hibernate: 
    select
        m1_0.mbr_no,
        m1_0.create_dt,
        m1_0.email,
        m1_0.member_id,
        m1_0.member_nm,
        m1_0.member_pw,
        m1_0.phone,
        m1_0.update_dt 
    from
        member m1_0 
    where
        m1_0.mbr_no=?
Hibernate: 
    /* insert for
        com.cafe.mall.board.model.Board */insert 
    into
        board (content, in_date, member_id, title, up_date, view_cnt, writer, bno) 
    values
        (?, ?, ?, ?, ?, ?, ?, ?)
Hibernate: 
    /* insert for
        com.cafe.mall.member.model.Member */insert 
    into
        member (create_dt, email, member_id, member_nm, member_pw, phone, update_dt, mbr_no) 
    values
        (?, ?, ?, ?, ?, ?, ?, ?)
Hibernate: 
    select
        b1_0.bno,
        b1_0.content,
        b1_0.in_date,
        b1_0.member_id,
        m1_0.mbr_no,
        m1_0.create_dt,
        m1_0.email,
        m1_0.member_id,
        m1_0.member_nm,
        m1_0.member_pw,
        m1_0.phone,
        m1_0.update_dt,
        b1_0.title,
        b1_0.up_date,
        b1_0.view_cnt,
        b1_0.writer 
    from
        board b1_0 
    join
        member m1_0 
            on m1_0.mbr_no=b1_0.member_id 
    where
        b1_0.bno=?
Hibernate: 
    select
        m1_0.mbr_no,
        m1_0.create_dt,
        m1_0.email,
        m1_0.member_id,
        m1_0.member_nm,
        m1_0.member_pw,
        m1_0.phone,
        m1_0.update_dt 
    from
        member m1_0 
    where
        m1_0.mbr_no=?
Hibernate: 
    /* insert for
        com.cafe.mall.board.model.Board */insert 
    into
        board (content, in_date, member_id, title, up_date, view_cnt, writer, bno) 
    values
        (?, ?, ?, ?, ?, ?, ?, ?)
Hibernate: 
    /* insert for
        com.cafe.mall.member.model.Member */insert 
    into
        member (create_dt, email, member_id, member_nm, member_pw, phone, update_dt, mbr_no) 
    values
        (?, ?, ?, ?, ?, ?, ?, ?)
Hibernate: 
    select
        b1_0.bno,
        b1_0.content,
        b1_0.in_date,
        b1_0.member_id,
        m1_0.mbr_no,
        m1_0.create_dt,
        m1_0.email,
        m1_0.member_id,
        m1_0.member_nm,
        m1_0.member_pw,
        m1_0.phone,
        m1_0.update_dt,
        b1_0.title,
        b1_0.up_date,
        b1_0.view_cnt,
        b1_0.writer 
    from
        board b1_0 
    join
        member m1_0 
            on m1_0.mbr_no=b1_0.member_id 
    where
        b1_0.bno=?
Hibernate: 
    select
        m1_0.mbr_no,
        m1_0.create_dt,
        m1_0.email,
        m1_0.member_id,
        m1_0.member_nm,
        m1_0.member_pw,
        m1_0.phone,
        m1_0.update_dt 
    from
        member m1_0 
    where
        m1_0.mbr_no=?
Hibernate: 
    /* insert for
        com.cafe.mall.board.model.Board */insert 
    into
        board (content, in_date, member_id, title, up_date, view_cnt, writer, bno) 
    values
        (?, ?, ?, ?, ?, ?, ?, ?)
Hibernate: 
    select
        b1_0.bno,
        b1_0.content,
        b1_0.in_date,
        b1_0.member_id,
        m1_0.mbr_no,
        m1_0.create_dt,
        m1_0.email,
        m1_0.member_id,
        m1_0.member_nm,
        m1_0.member_pw,
        m1_0.phone,
        m1_0.update_dt,
        b1_0.title,
        b1_0.up_date,
        b1_0.view_cnt,
        b1_0.writer 
    from
        board b1_0 
    join
        member m1_0 
            on m1_0.mbr_no=b1_0.member_id 
    where
        b1_0.bno=?
]]></system-out>
  </testcase>
  <testcase name="removeTest" classname="com.cafe.mall.BoardServiceTest" time="0.072">
    <failure message="expected: &lt;true&gt; but was: &lt;false&gt;" type="org.opentest4j.AssertionFailedError"><![CDATA[org.opentest4j.AssertionFailedError: expected: <true> but was: <false>
	at org.junit.jupiter.api.AssertionFailureBuilder.build(AssertionFailureBuilder.java:151)
	at org.junit.jupiter.api.AssertionFailureBuilder.buildAndThrow(AssertionFailureBuilder.java:132)
	at org.junit.jupiter.api.AssertTrue.failNotTrue(AssertTrue.java:63)
	at org.junit.jupiter.api.AssertTrue.assertTrue(AssertTrue.java:36)
	at org.junit.jupiter.api.AssertTrue.assertTrue(AssertTrue.java:31)
	at org.junit.jupiter.api.Assertions.assertTrue(Assertions.java:183)
	at com.cafe.mall.BoardServiceTest.removeTest(BoardServiceTest.java:90)
	at java.base/java.lang.reflect.Method.invoke(Method.java:580)
	at java.base/java.util.ArrayList.forEach(ArrayList.java:1597)
	at java.base/java.util.ArrayList.forEach(ArrayList.java:1597)
]]></failure>
    <system-out><![CDATA[Hibernate: 
    /* insert for
        com.cafe.mall.member.model.Member */insert 
    into
        member (create_dt, email, member_id, member_nm, member_pw, phone, update_dt, mbr_no) 
    values
        (?, ?, ?, ?, ?, ?, ?, ?)
Hibernate: 
    select
        b1_0.bno,
        b1_0.content,
        b1_0.in_date,
        b1_0.member_id,
        m1_0.mbr_no,
        m1_0.create_dt,
        m1_0.email,
        m1_0.member_id,
        m1_0.member_nm,
        m1_0.member_pw,
        m1_0.phone,
        m1_0.update_dt,
        b1_0.title,
        b1_0.up_date,
        b1_0.view_cnt,
        b1_0.writer 
    from
        board b1_0 
    join
        member m1_0 
            on m1_0.mbr_no=b1_0.member_id 
    where
        b1_0.bno=?
Hibernate: 
    select
        m1_0.mbr_no,
        m1_0.create_dt,
        m1_0.email,
        m1_0.member_id,
        m1_0.member_nm,
        m1_0.member_pw,
        m1_0.phone,
        m1_0.update_dt 
    from
        member m1_0 
    where
        m1_0.mbr_no=?
Hibernate: 
    /* update
        for com.cafe.mall.board.model.Board */update board 
    set
        content=?,
        in_date=?,
        member_id=?,
        title=?,
        up_date=?,
        view_cnt=?,
        writer=? 
    where
        bno=?
Hibernate: 
    /* insert for
        com.cafe.mall.member.model.Member */insert 
    into
        member (create_dt, email, member_id, member_nm, member_pw, phone, update_dt, mbr_no) 
    values
        (?, ?, ?, ?, ?, ?, ?, ?)
Hibernate: 
    select
        b1_0.bno,
        b1_0.content,
        b1_0.in_date,
        b1_0.member_id,
        m1_0.mbr_no,
        m1_0.create_dt,
        m1_0.email,
        m1_0.member_id,
        m1_0.member_nm,
        m1_0.member_pw,
        m1_0.phone,
        m1_0.update_dt,
        b1_0.title,
        b1_0.up_date,
        b1_0.view_cnt,
        b1_0.writer 
    from
        board b1_0 
    join
        member m1_0 
            on m1_0.mbr_no=b1_0.member_id 
    where
        b1_0.bno=?
Hibernate: 
    select
        m1_0.mbr_no,
        m1_0.create_dt,
        m1_0.email,
        m1_0.member_id,
        m1_0.member_nm,
        m1_0.member_pw,
        m1_0.phone,
        m1_0.update_dt 
    from
        member m1_0 
    where
        m1_0.mbr_no=?
Hibernate: 
    /* update
        for com.cafe.mall.board.model.Board */update board 
    set
        content=?,
        in_date=?,
        member_id=?,
        title=?,
        up_date=?,
        view_cnt=?,
        writer=? 
    where
        bno=?
Hibernate: 
    /* insert for
        com.cafe.mall.member.model.Member */insert 
    into
        member (create_dt, email, member_id, member_nm, member_pw, phone, update_dt, mbr_no) 
    values
        (?, ?, ?, ?, ?, ?, ?, ?)
Hibernate: 
    select
        b1_0.bno,
        b1_0.content,
        b1_0.in_date,
        b1_0.member_id,
        m1_0.mbr_no,
        m1_0.create_dt,
        m1_0.email,
        m1_0.member_id,
        m1_0.member_nm,
        m1_0.member_pw,
        m1_0.phone,
        m1_0.update_dt,
        b1_0.title,
        b1_0.up_date,
        b1_0.view_cnt,
        b1_0.writer 
    from
        board b1_0 
    join
        member m1_0 
            on m1_0.mbr_no=b1_0.member_id 
    where
        b1_0.bno=?
Hibernate: 
    select
        m1_0.mbr_no,
        m1_0.create_dt,
        m1_0.email,
        m1_0.member_id,
        m1_0.member_nm,
        m1_0.member_pw,
        m1_0.phone,
        m1_0.update_dt 
    from
        member m1_0 
    where
        m1_0.mbr_no=?
Hibernate: 
    /* insert for
        com.cafe.mall.board.model.Board */insert 
    into
        board (content, in_date, member_id, title, up_date, view_cnt, writer, bno) 
    values
        (?, ?, ?, ?, ?, ?, ?, ?)
Hibernate: 
    /* insert for
        com.cafe.mall.member.model.Member */insert 
    into
        member (create_dt, email, member_id, member_nm, member_pw, phone, update_dt, mbr_no) 
    values
        (?, ?, ?, ?, ?, ?, ?, ?)
Hibernate: 
    select
        b1_0.bno,
        b1_0.content,
        b1_0.in_date,
        b1_0.member_id,
        m1_0.mbr_no,
        m1_0.create_dt,
        m1_0.email,
        m1_0.member_id,
        m1_0.member_nm,
        m1_0.member_pw,
        m1_0.phone,
        m1_0.update_dt,
        b1_0.title,
        b1_0.up_date,
        b1_0.view_cnt,
        b1_0.writer 
    from
        board b1_0 
    join
        member m1_0 
            on m1_0.mbr_no=b1_0.member_id 
    where
        b1_0.bno=?
Hibernate: 
    select
        m1_0.mbr_no,
        m1_0.create_dt,
        m1_0.email,
        m1_0.member_id,
        m1_0.member_nm,
        m1_0.member_pw,
        m1_0.phone,
        m1_0.update_dt 
    from
        member m1_0 
    where
        m1_0.mbr_no=?
Hibernate: 
    /* insert for
        com.cafe.mall.board.model.Board */insert 
    into
        board (content, in_date, member_id, title, up_date, view_cnt, writer, bno) 
    values
        (?, ?, ?, ?, ?, ?, ?, ?)
Hibernate: 
    /* insert for
        com.cafe.mall.member.model.Member */insert 
    into
        member (create_dt, email, member_id, member_nm, member_pw, phone, update_dt, mbr_no) 
    values
        (?, ?, ?, ?, ?, ?, ?, ?)
Hibernate: 
    select
        b1_0.bno,
        b1_0.content,
        b1_0.in_date,
        b1_0.member_id,
        m1_0.mbr_no,
        m1_0.create_dt,
        m1_0.email,
        m1_0.member_id,
        m1_0.member_nm,
        m1_0.member_pw,
        m1_0.phone,
        m1_0.update_dt,
        b1_0.title,
        b1_0.up_date,
        b1_0.view_cnt,
        b1_0.writer 
    from
        board b1_0 
    join
        member m1_0 
            on m1_0.mbr_no=b1_0.member_id 
    where
        b1_0.bno=?
Hibernate: 
    select
        m1_0.mbr_no,
        m1_0.create_dt,
        m1_0.email,
        m1_0.member_id,
        m1_0.member_nm,
        m1_0.member_pw,
        m1_0.phone,
        m1_0.update_dt 
    from
        member m1_0 
    where
        m1_0.mbr_no=?
Hibernate: 
    /* insert for
        com.cafe.mall.board.model.Board */insert 
    into
        board (content, in_date, member_id, title, up_date, view_cnt, writer, bno) 
    values
        (?, ?, ?, ?, ?, ?, ?, ?)
Hibernate: 
    /* insert for
        com.cafe.mall.member.model.Member */insert 
    into
        member (create_dt, email, member_id, member_nm, member_pw, phone, update_dt, mbr_no) 
    values
        (?, ?, ?, ?, ?, ?, ?, ?)
Hibernate: 
    select
        b1_0.bno,
        b1_0.content,
        b1_0.in_date,
        b1_0.member_id,
        m1_0.mbr_no,
        m1_0.create_dt,
        m1_0.email,
        m1_0.member_id,
        m1_0.member_nm,
        m1_0.member_pw,
        m1_0.phone,
        m1_0.update_dt,
        b1_0.title,
        b1_0.up_date,
        b1_0.view_cnt,
        b1_0.writer 
    from
        board b1_0 
    join
        member m1_0 
            on m1_0.mbr_no=b1_0.member_id 
    where
        b1_0.bno=?
Hibernate: 
    select
        m1_0.mbr_no,
        m1_0.create_dt,
        m1_0.email,
        m1_0.member_id,
        m1_0.member_nm,
        m1_0.member_pw,
        m1_0.phone,
        m1_0.update_dt 
    from
        member m1_0 
    where
        m1_0.mbr_no=?
Hibernate: 
    /* insert for
        com.cafe.mall.board.model.Board */insert 
    into
        board (content, in_date, member_id, title, up_date, view_cnt, writer, bno) 
    values
        (?, ?, ?, ?, ?, ?, ?, ?)
Hibernate: 
    /* insert for
        com.cafe.mall.member.model.Member */insert 
    into
        member (create_dt, email, member_id, member_nm, member_pw, phone, update_dt, mbr_no) 
    values
        (?, ?, ?, ?, ?, ?, ?, ?)
Hibernate: 
    select
        b1_0.bno,
        b1_0.content,
        b1_0.in_date,
        b1_0.member_id,
        m1_0.mbr_no,
        m1_0.create_dt,
        m1_0.email,
        m1_0.member_id,
        m1_0.member_nm,
        m1_0.member_pw,
        m1_0.phone,
        m1_0.update_dt,
        b1_0.title,
        b1_0.up_date,
        b1_0.view_cnt,
        b1_0.writer 
    from
        board b1_0 
    join
        member m1_0 
            on m1_0.mbr_no=b1_0.member_id 
    where
        b1_0.bno=?
Hibernate: 
    select
        m1_0.mbr_no,
        m1_0.create_dt,
        m1_0.email,
        m1_0.member_id,
        m1_0.member_nm,
        m1_0.member_pw,
        m1_0.phone,
        m1_0.update_dt 
    from
        member m1_0 
    where
        m1_0.mbr_no=?
Hibernate: 
    /* insert for
        com.cafe.mall.board.model.Board */insert 
    into
        board (content, in_date, member_id, title, up_date, view_cnt, writer, bno) 
    values
        (?, ?, ?, ?, ?, ?, ?, ?)
Hibernate: 
    /* insert for
        com.cafe.mall.member.model.Member */insert 
    into
        member (create_dt, email, member_id, member_nm, member_pw, phone, update_dt, mbr_no) 
    values
        (?, ?, ?, ?, ?, ?, ?, ?)
Hibernate: 
    select
        b1_0.bno,
        b1_0.content,
        b1_0.in_date,
        b1_0.member_id,
        m1_0.mbr_no,
        m1_0.create_dt,
        m1_0.email,
        m1_0.member_id,
        m1_0.member_nm,
        m1_0.member_pw,
        m1_0.phone,
        m1_0.update_dt,
        b1_0.title,
        b1_0.up_date,
        b1_0.view_cnt,
        b1_0.writer 
    from
        board b1_0 
    join
        member m1_0 
            on m1_0.mbr_no=b1_0.member_id 
    where
        b1_0.bno=?
Hibernate: 
    select
        m1_0.mbr_no,
        m1_0.create_dt,
        m1_0.email,
        m1_0.member_id,
        m1_0.member_nm,
        m1_0.member_pw,
        m1_0.phone,
        m1_0.update_dt 
    from
        member m1_0 
    where
        m1_0.mbr_no=?
Hibernate: 
    /* insert for
        com.cafe.mall.board.model.Board */insert 
    into
        board (content, in_date, member_id, title, up_date, view_cnt, writer, bno) 
    values
        (?, ?, ?, ?, ?, ?, ?, ?)
Hibernate: 
    /* insert for
        com.cafe.mall.member.model.Member */insert 
    into
        member (create_dt, email, member_id, member_nm, member_pw, phone, update_dt, mbr_no) 
    values
        (?, ?, ?, ?, ?, ?, ?, ?)
Hibernate: 
    select
        b1_0.bno,
        b1_0.content,
        b1_0.in_date,
        b1_0.member_id,
        m1_0.mbr_no,
        m1_0.create_dt,
        m1_0.email,
        m1_0.member_id,
        m1_0.member_nm,
        m1_0.member_pw,
        m1_0.phone,
        m1_0.update_dt,
        b1_0.title,
        b1_0.up_date,
        b1_0.view_cnt,
        b1_0.writer 
    from
        board b1_0 
    join
        member m1_0 
            on m1_0.mbr_no=b1_0.member_id 
    where
        b1_0.bno=?
Hibernate: 
    select
        m1_0.mbr_no,
        m1_0.create_dt,
        m1_0.email,
        m1_0.member_id,
        m1_0.member_nm,
        m1_0.member_pw,
        m1_0.phone,
        m1_0.update_dt 
    from
        member m1_0 
    where
        m1_0.mbr_no=?
Hibernate: 
    /* insert for
        com.cafe.mall.board.model.Board */insert 
    into
        board (content, in_date, member_id, title, up_date, view_cnt, writer, bno) 
    values
        (?, ?, ?, ?, ?, ?, ?, ?)
Hibernate: 
    /* insert for
        com.cafe.mall.member.model.Member */insert 
    into
        member (create_dt, email, member_id, member_nm, member_pw, phone, update_dt, mbr_no) 
    values
        (?, ?, ?, ?, ?, ?, ?, ?)
Hibernate: 
    select
        b1_0.bno,
        b1_0.content,
        b1_0.in_date,
        b1_0.member_id,
        m1_0.mbr_no,
        m1_0.create_dt,
        m1_0.email,
        m1_0.member_id,
        m1_0.member_nm,
        m1_0.member_pw,
        m1_0.phone,
        m1_0.update_dt,
        b1_0.title,
        b1_0.up_date,
        b1_0.view_cnt,
        b1_0.writer 
    from
        board b1_0 
    join
        member m1_0 
            on m1_0.mbr_no=b1_0.member_id 
    where
        b1_0.bno=?
Hibernate: 
    select
        m1_0.mbr_no,
        m1_0.create_dt,
        m1_0.email,
        m1_0.member_id,
        m1_0.member_nm,
        m1_0.member_pw,
        m1_0.phone,
        m1_0.update_dt 
    from
        member m1_0 
    where
        m1_0.mbr_no=?
Hibernate: 
    /* insert for
        com.cafe.mall.board.model.Board */insert 
    into
        board (content, in_date, member_id, title, up_date, view_cnt, writer, bno) 
    values
        (?, ?, ?, ?, ?, ?, ?, ?)
Hibernate: 
    select
        b1_0.bno,
        b1_0.content,
        b1_0.in_date,
        b1_0.member_id,
        m1_0.mbr_no,
        m1_0.create_dt,
        m1_0.email,
        m1_0.member_id,
        m1_0.member_nm,
        m1_0.member_pw,
        m1_0.phone,
        m1_0.update_dt,
        b1_0.title,
        b1_0.up_date,
        b1_0.view_cnt,
        b1_0.writer 
    from
        board b1_0 
    join
        member m1_0 
            on m1_0.mbr_no=b1_0.member_id 
    where
        b1_0.bno=?
]]></system-out>
  </testcase>
  <testcase name="modifyTest" classname="com.cafe.mall.BoardServiceTest" time="0.142">
    <system-out><![CDATA[Hibernate: 
    /* insert for
        com.cafe.mall.member.model.Member */insert 
    into
        member (create_dt, email, member_id, member_nm, member_pw, phone, update_dt, mbr_no) 
    values
        (?, ?, ?, ?, ?, ?, ?, ?)
Hibernate: 
    select
        b1_0.bno,
        b1_0.content,
        b1_0.in_date,
        b1_0.member_id,
        m1_0.mbr_no,
        m1_0.create_dt,
        m1_0.email,
        m1_0.member_id,
        m1_0.member_nm,
        m1_0.member_pw,
        m1_0.phone,
        m1_0.update_dt,
        b1_0.title,
        b1_0.up_date,
        b1_0.view_cnt,
        b1_0.writer 
    from
        board b1_0 
    join
        member m1_0 
            on m1_0.mbr_no=b1_0.member_id 
    where
        b1_0.bno=?
Hibernate: 
    select
        m1_0.mbr_no,
        m1_0.create_dt,
        m1_0.email,
        m1_0.member_id,
        m1_0.member_nm,
        m1_0.member_pw,
        m1_0.phone,
        m1_0.update_dt 
    from
        member m1_0 
    where
        m1_0.mbr_no=?
Hibernate: 
    /* update
        for com.cafe.mall.board.model.Board */update board 
    set
        content=?,
        in_date=?,
        member_id=?,
        title=?,
        up_date=?,
        view_cnt=?,
        writer=? 
    where
        bno=?
Hibernate: 
    /* insert for
        com.cafe.mall.member.model.Member */insert 
    into
        member (create_dt, email, member_id, member_nm, member_pw, phone, update_dt, mbr_no) 
    values
        (?, ?, ?, ?, ?, ?, ?, ?)
Hibernate: 
    select
        b1_0.bno,
        b1_0.content,
        b1_0.in_date,
        b1_0.member_id,
        m1_0.mbr_no,
        m1_0.create_dt,
        m1_0.email,
        m1_0.member_id,
        m1_0.member_nm,
        m1_0.member_pw,
        m1_0.phone,
        m1_0.update_dt,
        b1_0.title,
        b1_0.up_date,
        b1_0.view_cnt,
        b1_0.writer 
    from
        board b1_0 
    join
        member m1_0 
            on m1_0.mbr_no=b1_0.member_id 
    where
        b1_0.bno=?
Hibernate: 
    select
        m1_0.mbr_no,
        m1_0.create_dt,
        m1_0.email,
        m1_0.member_id,
        m1_0.member_nm,
        m1_0.member_pw,
        m1_0.phone,
        m1_0.update_dt 
    from
        member m1_0 
    where
        m1_0.mbr_no=?
Hibernate: 
    /* update
        for com.cafe.mall.board.model.Board */update board 
    set
        content=?,
        in_date=?,
        member_id=?,
        title=?,
        up_date=?,
        view_cnt=?,
        writer=? 
    where
        bno=?
Hibernate: 
    /* insert for
        com.cafe.mall.member.model.Member */insert 
    into
        member (create_dt, email, member_id, member_nm, member_pw, phone, update_dt, mbr_no) 
    values
        (?, ?, ?, ?, ?, ?, ?, ?)
Hibernate: 
    select
        b1_0.bno,
        b1_0.content,
        b1_0.in_date,
        b1_0.member_id,
        m1_0.mbr_no,
        m1_0.create_dt,
        m1_0.email,
        m1_0.member_id,
        m1_0.member_nm,
        m1_0.member_pw,
        m1_0.phone,
        m1_0.update_dt,
        b1_0.title,
        b1_0.up_date,
        b1_0.view_cnt,
        b1_0.writer 
    from
        board b1_0 
    join
        member m1_0 
            on m1_0.mbr_no=b1_0.member_id 
    where
        b1_0.bno=?
Hibernate: 
    select
        m1_0.mbr_no,
        m1_0.create_dt,
        m1_0.email,
        m1_0.member_id,
        m1_0.member_nm,
        m1_0.member_pw,
        m1_0.phone,
        m1_0.update_dt 
    from
        member m1_0 
    where
        m1_0.mbr_no=?
Hibernate: 
    /* insert for
        com.cafe.mall.board.model.Board */insert 
    into
        board (content, in_date, member_id, title, up_date, view_cnt, writer, bno) 
    values
        (?, ?, ?, ?, ?, ?, ?, ?)
Hibernate: 
    /* insert for
        com.cafe.mall.member.model.Member */insert 
    into
        member (create_dt, email, member_id, member_nm, member_pw, phone, update_dt, mbr_no) 
    values
        (?, ?, ?, ?, ?, ?, ?, ?)
Hibernate: 
    select
        b1_0.bno,
        b1_0.content,
        b1_0.in_date,
        b1_0.member_id,
        m1_0.mbr_no,
        m1_0.create_dt,
        m1_0.email,
        m1_0.member_id,
        m1_0.member_nm,
        m1_0.member_pw,
        m1_0.phone,
        m1_0.update_dt,
        b1_0.title,
        b1_0.up_date,
        b1_0.view_cnt,
        b1_0.writer 
    from
        board b1_0 
    join
        member m1_0 
            on m1_0.mbr_no=b1_0.member_id 
    where
        b1_0.bno=?
Hibernate: 
    select
        m1_0.mbr_no,
        m1_0.create_dt,
        m1_0.email,
        m1_0.member_id,
        m1_0.member_nm,
        m1_0.member_pw,
        m1_0.phone,
        m1_0.update_dt 
    from
        member m1_0 
    where
        m1_0.mbr_no=?
Hibernate: 
    /* insert for
        com.cafe.mall.board.model.Board */insert 
    into
        board (content, in_date, member_id, title, up_date, view_cnt, writer, bno) 
    values
        (?, ?, ?, ?, ?, ?, ?, ?)
Hibernate: 
    /* insert for
        com.cafe.mall.member.model.Member */insert 
    into
        member (create_dt, email, member_id, member_nm, member_pw, phone, update_dt, mbr_no) 
    values
        (?, ?, ?, ?, ?, ?, ?, ?)
Hibernate: 
    select
        b1_0.bno,
        b1_0.content,
        b1_0.in_date,
        b1_0.member_id,
        m1_0.mbr_no,
        m1_0.create_dt,
        m1_0.email,
        m1_0.member_id,
        m1_0.member_nm,
        m1_0.member_pw,
        m1_0.phone,
        m1_0.update_dt,
        b1_0.title,
        b1_0.up_date,
        b1_0.view_cnt,
        b1_0.writer 
    from
        board b1_0 
    join
        member m1_0 
            on m1_0.mbr_no=b1_0.member_id 
    where
        b1_0.bno=?
Hibernate: 
    select
        m1_0.mbr_no,
        m1_0.create_dt,
        m1_0.email,
        m1_0.member_id,
        m1_0.member_nm,
        m1_0.member_pw,
        m1_0.phone,
        m1_0.update_dt 
    from
        member m1_0 
    where
        m1_0.mbr_no=?
Hibernate: 
    /* insert for
        com.cafe.mall.board.model.Board */insert 
    into
        board (content, in_date, member_id, title, up_date, view_cnt, writer, bno) 
    values
        (?, ?, ?, ?, ?, ?, ?, ?)
Hibernate: 
    /* insert for
        com.cafe.mall.member.model.Member */insert 
    into
        member (create_dt, email, member_id, member_nm, member_pw, phone, update_dt, mbr_no) 
    values
        (?, ?, ?, ?, ?, ?, ?, ?)
Hibernate: 
    select
        b1_0.bno,
        b1_0.content,
        b1_0.in_date,
        b1_0.member_id,
        m1_0.mbr_no,
        m1_0.create_dt,
        m1_0.email,
        m1_0.member_id,
        m1_0.member_nm,
        m1_0.member_pw,
        m1_0.phone,
        m1_0.update_dt,
        b1_0.title,
        b1_0.up_date,
        b1_0.view_cnt,
        b1_0.writer 
    from
        board b1_0 
    join
        member m1_0 
            on m1_0.mbr_no=b1_0.member_id 
    where
        b1_0.bno=?
Hibernate: 
    select
        m1_0.mbr_no,
        m1_0.create_dt,
        m1_0.email,
        m1_0.member_id,
        m1_0.member_nm,
        m1_0.member_pw,
        m1_0.phone,
        m1_0.update_dt 
    from
        member m1_0 
    where
        m1_0.mbr_no=?
Hibernate: 
    /* insert for
        com.cafe.mall.board.model.Board */insert 
    into
        board (content, in_date, member_id, title, up_date, view_cnt, writer, bno) 
    values
        (?, ?, ?, ?, ?, ?, ?, ?)
Hibernate: 
    /* insert for
        com.cafe.mall.member.model.Member */insert 
    into
        member (create_dt, email, member_id, member_nm, member_pw, phone, update_dt, mbr_no) 
    values
        (?, ?, ?, ?, ?, ?, ?, ?)
Hibernate: 
    select
        b1_0.bno,
        b1_0.content,
        b1_0.in_date,
        b1_0.member_id,
        m1_0.mbr_no,
        m1_0.create_dt,
        m1_0.email,
        m1_0.member_id,
        m1_0.member_nm,
        m1_0.member_pw,
        m1_0.phone,
        m1_0.update_dt,
        b1_0.title,
        b1_0.up_date,
        b1_0.view_cnt,
        b1_0.writer 
    from
        board b1_0 
    join
        member m1_0 
            on m1_0.mbr_no=b1_0.member_id 
    where
        b1_0.bno=?
Hibernate: 
    select
        m1_0.mbr_no,
        m1_0.create_dt,
        m1_0.email,
        m1_0.member_id,
        m1_0.member_nm,
        m1_0.member_pw,
        m1_0.phone,
        m1_0.update_dt 
    from
        member m1_0 
    where
        m1_0.mbr_no=?
Hibernate: 
    /* insert for
        com.cafe.mall.board.model.Board */insert 
    into
        board (content, in_date, member_id, title, up_date, view_cnt, writer, bno) 
    values
        (?, ?, ?, ?, ?, ?, ?, ?)
Hibernate: 
    /* insert for
        com.cafe.mall.member.model.Member */insert 
    into
        member (create_dt, email, member_id, member_nm, member_pw, phone, update_dt, mbr_no) 
    values
        (?, ?, ?, ?, ?, ?, ?, ?)
Hibernate: 
    select
        b1_0.bno,
        b1_0.content,
        b1_0.in_date,
        b1_0.member_id,
        m1_0.mbr_no,
        m1_0.create_dt,
        m1_0.email,
        m1_0.member_id,
        m1_0.member_nm,
        m1_0.member_pw,
        m1_0.phone,
        m1_0.update_dt,
        b1_0.title,
        b1_0.up_date,
        b1_0.view_cnt,
        b1_0.writer 
    from
        board b1_0 
    join
        member m1_0 
            on m1_0.mbr_no=b1_0.member_id 
    where
        b1_0.bno=?
Hibernate: 
    select
        m1_0.mbr_no,
        m1_0.create_dt,
        m1_0.email,
        m1_0.member_id,
        m1_0.member_nm,
        m1_0.member_pw,
        m1_0.phone,
        m1_0.update_dt 
    from
        member m1_0 
    where
        m1_0.mbr_no=?
Hibernate: 
    /* insert for
        com.cafe.mall.board.model.Board */insert 
    into
        board (content, in_date, member_id, title, up_date, view_cnt, writer, bno) 
    values
        (?, ?, ?, ?, ?, ?, ?, ?)
Hibernate: 
    /* insert for
        com.cafe.mall.member.model.Member */insert 
    into
        member (create_dt, email, member_id, member_nm, member_pw, phone, update_dt, mbr_no) 
    values
        (?, ?, ?, ?, ?, ?, ?, ?)
Hibernate: 
    select
        b1_0.bno,
        b1_0.content,
        b1_0.in_date,
        b1_0.member_id,
        m1_0.mbr_no,
        m1_0.create_dt,
        m1_0.email,
        m1_0.member_id,
        m1_0.member_nm,
        m1_0.member_pw,
        m1_0.phone,
        m1_0.update_dt,
        b1_0.title,
        b1_0.up_date,
        b1_0.view_cnt,
        b1_0.writer 
    from
        board b1_0 
    join
        member m1_0 
            on m1_0.mbr_no=b1_0.member_id 
    where
        b1_0.bno=?
Hibernate: 
    select
        m1_0.mbr_no,
        m1_0.create_dt,
        m1_0.email,
        m1_0.member_id,
        m1_0.member_nm,
        m1_0.member_pw,
        m1_0.phone,
        m1_0.update_dt 
    from
        member m1_0 
    where
        m1_0.mbr_no=?
Hibernate: 
    /* insert for
        com.cafe.mall.board.model.Board */insert 
    into
        board (content, in_date, member_id, title, up_date, view_cnt, writer, bno) 
    values
        (?, ?, ?, ?, ?, ?, ?, ?)
Hibernate: 
    /* insert for
        com.cafe.mall.member.model.Member */insert 
    into
        member (create_dt, email, member_id, member_nm, member_pw, phone, update_dt, mbr_no) 
    values
        (?, ?, ?, ?, ?, ?, ?, ?)
Hibernate: 
    select
        b1_0.bno,
        b1_0.content,
        b1_0.in_date,
        b1_0.member_id,
        m1_0.mbr_no,
        m1_0.create_dt,
        m1_0.email,
        m1_0.member_id,
        m1_0.member_nm,
        m1_0.member_pw,
        m1_0.phone,
        m1_0.update_dt,
        b1_0.title,
        b1_0.up_date,
        b1_0.view_cnt,
        b1_0.writer 
    from
        board b1_0 
    join
        member m1_0 
            on m1_0.mbr_no=b1_0.member_id 
    where
        b1_0.bno=?
Hibernate: 
    select
        m1_0.mbr_no,
        m1_0.create_dt,
        m1_0.email,
        m1_0.member_id,
        m1_0.member_nm,
        m1_0.member_pw,
        m1_0.phone,
        m1_0.update_dt 
    from
        member m1_0 
    where
        m1_0.mbr_no=?
Hibernate: 
    /* insert for
        com.cafe.mall.board.model.Board */insert 
    into
        board (content, in_date, member_id, title, up_date, view_cnt, writer, bno) 
    values
        (?, ?, ?, ?, ?, ?, ?, ?)
Hibernate: 
    select
        b1_0.bno,
        b1_0.content,
        b1_0.in_date,
        b1_0.member_id,
        m1_0.mbr_no,
        m1_0.create_dt,
        m1_0.email,
        m1_0.member_id,
        m1_0.member_nm,
        m1_0.member_pw,
        m1_0.phone,
        m1_0.update_dt,
        b1_0.title,
        b1_0.up_date,
        b1_0.view_cnt,
        b1_0.writer 
    from
        board b1_0 
    join
        member m1_0 
            on m1_0.mbr_no=b1_0.member_id 
    where
        b1_0.bno=?
Hibernate: 
    select
        b1_0.bno,
        b1_0.content,
        b1_0.in_date,
        b1_0.member_id,
        m1_0.mbr_no,
        m1_0.create_dt,
        m1_0.email,
        m1_0.member_id,
        m1_0.member_nm,
        m1_0.member_pw,
        m1_0.phone,
        m1_0.update_dt,
        b1_0.title,
        b1_0.up_date,
        b1_0.view_cnt,
        b1_0.writer 
    from
        board b1_0 
    join
        member m1_0 
            on m1_0.mbr_no=b1_0.member_id 
    where
        b1_0.bno=?
Hibernate: 
    select
        b1_0.bno,
        b1_0.content,
        b1_0.in_date,
        b1_0.member_id,
        m1_0.mbr_no,
        m1_0.create_dt,
        m1_0.email,
        m1_0.member_id,
        m1_0.member_nm,
        m1_0.member_pw,
        m1_0.phone,
        m1_0.update_dt,
        b1_0.title,
        b1_0.up_date,
        b1_0.view_cnt,
        b1_0.writer 
    from
        board b1_0 
    join
        member m1_0 
            on m1_0.mbr_no=b1_0.member_id 
    where
        b1_0.bno=?
Hibernate: 
    /* update
        for com.cafe.mall.board.model.Board */update board 
    set
        content=?,
        in_date=?,
        member_id=?,
        title=?,
        up_date=?,
        view_cnt=?,
        writer=? 
    where
        bno=?
Hibernate: 
    select
        b1_0.bno,
        b1_0.content,
        b1_0.in_date,
        b1_0.member_id,
        m1_0.mbr_no,
        m1_0.create_dt,
        m1_0.email,
        m1_0.member_id,
        m1_0.member_nm,
        m1_0.member_pw,
        m1_0.phone,
        m1_0.update_dt,
        b1_0.title,
        b1_0.up_date,
        b1_0.view_cnt,
        b1_0.writer 
    from
        board b1_0 
    join
        member m1_0 
            on m1_0.mbr_no=b1_0.member_id 
    where
        b1_0.bno=?
]]></system-out>
  </testcase>
</testsuite>